<?xml version="1.0" encoding="UTF-8"?>
<!-- Generated by org.testng.reporters.JUnitReportReporter -->
<testsuite hostname="DESKTOP-2N36UH3" failures="0" tests="1" name="org.example.AppTest" time="0.004" errors="0" timestamp="2022-10-16T07:02:13 EDT" skipped="0">
  <testcase classname="org.example.AppTest" name="shouldAnswerWithTrue" time="0.004"/>
  <system-out/>
</testsuite> <!-- org.example.AppTest -->
